/*C85*/SET SCHEMA PUBLIC
CREATE TABLE IF NOT EXISTS AL_CONFIGURATION ( PROPERTY_NAME VARCHAR(255) NOT NULL UNIQUE , PROPERTY_VALUE LONGVARCHAR ) 
CREATE TABLE IF NOT EXISTS AL_GROUPS ( GROUP_NAME VARCHAR(255) NOT NULL PRIMARY KEY , DESCRIPTION LONGVARCHAR ) 
CREATE TABLE IF NOT EXISTS AL_TABLES ( TABLE_NAME VARCHAR(255) NOT NULL PRIMARY KEY , GROUP_NAME VARCHAR(255) , DESCRIPTION LONGVARCHAR ) 
CREATE TABLE IF NOT EXISTS AL_CUSTOM_TYPE ( TABLE_NAME VARCHAR(255) , COLUMN_NAME VARCHAR(255) , TYPE VARCHAR(255) , NAME VARCHAR(255) ) 
CREATE TABLE IF NOT EXISTS AL_VIEWS ( VIEW_NAME VARCHAR(255) NOT NULL UNIQUE , VIEW_DEFINITION LONGVARCHAR , IS_VALID BOOLEAN ) 
CREATE TABLE IF NOT EXISTS AL_SELECTED_LOG_OBJECTS ( NAME VARCHAR(255) NOT NULL UNIQUE , TYPE VARCHAR(255) ) 
CREATE TABLE IF NOT EXISTS AL_DB_OBJECTS ( NAME VARCHAR(255) NOT NULL UNIQUE , TYPE VARCHAR(255) , USAGE VARCHAR(255) ) 
/*C86*/SET SCHEMA PUBLIC
DISCONNECT
/*C87*/SET SCHEMA PUBLIC
DISCONNECT
/*C88*/SET SCHEMA PUBLIC
DISCONNECT
/*C89*/SET SCHEMA PUBLIC
DISCONNECT
/*C90*/SET SCHEMA PUBLIC
DISCONNECT
/*C91*/SET SCHEMA PUBLIC
DISCONNECT
/*C92*/SET SCHEMA PUBLIC
DISCONNECT
/*C93*/SET SCHEMA PUBLIC
DISCONNECT
/*C85*/DISCONNECT
/*C94*/SET SCHEMA PUBLIC
DISCONNECT
/*C95*/SET SCHEMA PUBLIC
DISCONNECT
/*C96*/SET SCHEMA PUBLIC
DISCONNECT
/*C97*/SET SCHEMA PUBLIC
DISCONNECT
/*C99*/SET SCHEMA PUBLIC
DISCONNECT
/*C98*/SET SCHEMA PUBLIC
DISCONNECT
/*C101*/SET SCHEMA PUBLIC
DISCONNECT
/*C100*/SET SCHEMA PUBLIC
DISCONNECT
/*C103*/SET SCHEMA PUBLIC
DISCONNECT
/*C102*/SET SCHEMA PUBLIC
DISCONNECT
/*C104*/SET SCHEMA PUBLIC
DISCONNECT
/*C105*/SET SCHEMA PUBLIC
DISCONNECT
/*C107*/SET SCHEMA PUBLIC
DISCONNECT
/*C106*/SET SCHEMA PUBLIC
DISCONNECT
/*C109*/SET SCHEMA PUBLIC
DISCONNECT
/*C108*/SET SCHEMA PUBLIC
DISCONNECT
/*C111*/SET SCHEMA PUBLIC
DISCONNECT
/*C110*/SET SCHEMA PUBLIC
DISCONNECT
/*C113*/SET SCHEMA PUBLIC
DISCONNECT
/*C112*/SET SCHEMA PUBLIC
DISCONNECT
/*C115*/SET SCHEMA PUBLIC
DISCONNECT
/*C114*/SET SCHEMA PUBLIC
DISCONNECT
/*C117*/SET SCHEMA PUBLIC
DISCONNECT
/*C116*/SET SCHEMA PUBLIC
DISCONNECT
/*C119*/SET SCHEMA PUBLIC
DISCONNECT
/*C118*/SET SCHEMA PUBLIC
DISCONNECT
/*C121*/SET SCHEMA PUBLIC
DISCONNECT
/*C120*/SET SCHEMA PUBLIC
DISCONNECT
/*C123*/SET SCHEMA PUBLIC
DISCONNECT
/*C122*/SET SCHEMA PUBLIC
DISCONNECT
/*C125*/SET SCHEMA PUBLIC
DISCONNECT
/*C124*/SET SCHEMA PUBLIC
DISCONNECT
/*C127*/SET SCHEMA PUBLIC
DISCONNECT
/*C126*/SET SCHEMA PUBLIC
DISCONNECT
/*C129*/SET SCHEMA PUBLIC
DISCONNECT
/*C128*/SET SCHEMA PUBLIC
DISCONNECT
/*C131*/SET SCHEMA PUBLIC
DISCONNECT
/*C130*/SET SCHEMA PUBLIC
DISCONNECT
/*C133*/SET SCHEMA PUBLIC
DISCONNECT
/*C134*/SET SCHEMA PUBLIC
DISCONNECT
/*C132*/SET SCHEMA PUBLIC
DISCONNECT
/*C136*/SET SCHEMA PUBLIC
DISCONNECT
/*C135*/SET SCHEMA PUBLIC
DISCONNECT
/*C138*/SET SCHEMA PUBLIC
DISCONNECT
/*C137*/SET SCHEMA PUBLIC
DISCONNECT
/*C140*/SET SCHEMA PUBLIC
DISCONNECT
/*C139*/SET SCHEMA PUBLIC
DISCONNECT
/*C142*/SET SCHEMA PUBLIC
DISCONNECT
/*C141*/SET SCHEMA PUBLIC
DISCONNECT
/*C144*/SET SCHEMA PUBLIC
DISCONNECT
/*C143*/SET SCHEMA PUBLIC
DISCONNECT
/*C146*/SET SCHEMA PUBLIC
DISCONNECT
/*C145*/SET SCHEMA PUBLIC
DISCONNECT
/*C148*/SET SCHEMA PUBLIC
DISCONNECT
/*C147*/SET SCHEMA PUBLIC
DISCONNECT
/*C150*/SET SCHEMA PUBLIC
DISCONNECT
/*C149*/SET SCHEMA PUBLIC
DISCONNECT
/*C152*/SET SCHEMA PUBLIC
DISCONNECT
/*C151*/SET SCHEMA PUBLIC
DISCONNECT
/*C154*/SET SCHEMA PUBLIC
DISCONNECT
/*C153*/SET SCHEMA PUBLIC
DISCONNECT
/*C156*/SET SCHEMA PUBLIC
DISCONNECT
/*C155*/SET SCHEMA PUBLIC
DISCONNECT
/*C158*/SET SCHEMA PUBLIC
DISCONNECT
/*C157*/SET SCHEMA PUBLIC
DISCONNECT
/*C160*/SET SCHEMA PUBLIC
DISCONNECT
/*C159*/SET SCHEMA PUBLIC
DISCONNECT
/*C162*/SET SCHEMA PUBLIC
DISCONNECT
/*C163*/SET SCHEMA PUBLIC
DISCONNECT
/*C161*/SET SCHEMA PUBLIC
DISCONNECT
/*C165*/SET SCHEMA PUBLIC
DISCONNECT
/*C164*/SET SCHEMA PUBLIC
DISCONNECT
/*C167*/SET SCHEMA PUBLIC
DISCONNECT
/*C166*/SET SCHEMA PUBLIC
DISCONNECT
/*C169*/SET SCHEMA PUBLIC
DISCONNECT
/*C168*/SET SCHEMA PUBLIC
DISCONNECT
/*C171*/SET SCHEMA PUBLIC
DISCONNECT
/*C170*/SET SCHEMA PUBLIC
DISCONNECT
/*C173*/SET SCHEMA PUBLIC
DISCONNECT
/*C172*/SET SCHEMA PUBLIC
DISCONNECT
/*C175*/SET SCHEMA PUBLIC
DISCONNECT
/*C174*/SET SCHEMA PUBLIC
DISCONNECT
/*C177*/SET SCHEMA PUBLIC
DISCONNECT
/*C176*/SET SCHEMA PUBLIC
DISCONNECT
/*C179*/SET SCHEMA PUBLIC
DISCONNECT
/*C178*/SET SCHEMA PUBLIC
DISCONNECT
/*C181*/SET SCHEMA PUBLIC
DISCONNECT
/*C180*/SET SCHEMA PUBLIC
DISCONNECT
/*C182*/SET SCHEMA PUBLIC
DELETE FROM RIDE_REQUESTS WHERE AL_ID=19
INSERT INTO RIDE_REQUESTS VALUES(19,4,'2021-03-16 01:07:48.000000',40.77968E0,-73.95529E0,40.732E0,-73.26E0)
COMMIT
DISCONNECT
/*C183*/SET SCHEMA PUBLIC
DELETE FROM RIDE_REQUESTS WHERE AL_ID=19
INSERT INTO RIDE_REQUESTS VALUES(19,4,'2021-03-16 01:07:48.000000',40.77968E0,-73.95529E0,40.712E0,-73.26E0)
COMMIT
DISCONNECT
/*C184*/SET SCHEMA PUBLIC
INSERT INTO RIDE_REQUESTS VALUES(20,NULL,NULL,NULL,NULL,NULL,NULL)
COMMIT
DISCONNECT
/*C185*/SET SCHEMA PUBLIC
DELETE FROM RIDE_REQUESTS WHERE AL_ID=20
INSERT INTO RIDE_REQUESTS VALUES(20,NULL,NULL,40.73954E0,NULL,NULL,NULL)
COMMIT
DISCONNECT
/*C186*/SET SCHEMA PUBLIC
DELETE FROM RIDE_REQUESTS WHERE AL_ID=20
INSERT INTO RIDE_REQUESTS VALUES(20,NULL,NULL,40.73954E0,-74.00267E0,NULL,NULL)
COMMIT
DISCONNECT
/*C187*/SET SCHEMA PUBLIC
DISCONNECT
/*C188*/SET SCHEMA PUBLIC
DELETE FROM RIDE_REQUESTS WHERE AL_ID=20
INSERT INTO RIDE_REQUESTS VALUES(20,NULL,NULL,40.73954E0,-74.00267E0,40.77583E0,NULL)
COMMIT
DISCONNECT
/*C189*/SET SCHEMA PUBLIC
DELETE FROM RIDE_REQUESTS WHERE AL_ID=20
INSERT INTO RIDE_REQUESTS VALUES(20,NULL,NULL,40.73954E0,-74.00267E0,40.77583E0,-73.96067E0)
COMMIT
DISCONNECT
/*C190*/SET SCHEMA PUBLIC
DELETE FROM RIDE_REQUESTS WHERE AL_ID=20
INSERT INTO RIDE_REQUESTS VALUES(20,4,'2021-03-16 01:07:48.000000',40.73954E0,-74.00267E0,40.77583E0,-73.96067E0)
COMMIT
DISCONNECT
/*C191*/SET SCHEMA PUBLIC
DISCONNECT
/*C192*/SET SCHEMA PUBLIC
DELETE FROM RIDE_REQUESTS WHERE AL_ID=20
INSERT INTO RIDE_REQUESTS VALUES(20,5,'2021-03-16 01:07:48.000000',40.73954E0,-74.00267E0,40.77583E0,-73.96067E0)
COMMIT
DISCONNECT
/*C193*/SET SCHEMA PUBLIC
DELETE FROM RIDE_REQUESTS WHERE AL_ID=20
INSERT INTO RIDE_REQUESTS VALUES(20,5,'2021-03-16 01:10:51.000000',40.73954E0,-74.00267E0,40.77583E0,-73.96067E0)
COMMIT
DISCONNECT
/*C195*/SET SCHEMA PUBLIC
DISCONNECT
/*C194*/SET SCHEMA PUBLIC
DISCONNECT
/*C197*/SET SCHEMA PUBLIC
DISCONNECT
/*C196*/SET SCHEMA PUBLIC
DISCONNECT
/*C199*/SET SCHEMA PUBLIC
DISCONNECT
/*C198*/SET SCHEMA PUBLIC
DISCONNECT
/*C200*/SET SCHEMA PUBLIC
DELETE FROM RIDE_REQUESTS WHERE AL_ID=19
INSERT INTO RIDE_REQUESTS VALUES(19,4,'2021-03-16 01:07:48.000000',40.77968E0,-73.95529E0,40.76E0,-73.26E0)
COMMIT
DISCONNECT
/*C202*/SET SCHEMA PUBLIC
DELETE FROM RIDE_REQUESTS WHERE AL_ID=19
INSERT INTO RIDE_REQUESTS VALUES(19,4,'2021-03-16 01:07:48.000000',40.77968E0,-73.95529E0,40.76E0,-73.8E0)
COMMIT
DISCONNECT
/*C203*/SET SCHEMA PUBLIC
DELETE FROM RIDE_REQUESTS WHERE AL_ID=19
INSERT INTO RIDE_REQUESTS VALUES(19,4,'2021-03-16 01:07:48.000000',40.77968E0,-73.95529E0,40.761E0,-73.8E0)
COMMIT
DISCONNECT
/*C204*/SET SCHEMA PUBLIC
DELETE FROM RIDE_REQUESTS WHERE AL_ID=19
INSERT INTO RIDE_REQUESTS VALUES(19,4,'2021-03-16 01:07:48.000000',40.77968E0,-73.95529E0,40.761E0,-73.851E0)
COMMIT
DISCONNECT
/*C201*/SET SCHEMA PUBLIC
DISCONNECT
/*C205*/SET SCHEMA PUBLIC
DISCONNECT
/*C207*/SET SCHEMA PUBLIC
DISCONNECT
/*C206*/SET SCHEMA PUBLIC
DISCONNECT
/*C208*/SET SCHEMA PUBLIC
DELETE FROM RIDE_REQUESTS WHERE AL_ID=19
INSERT INTO RIDE_REQUESTS VALUES(19,4,'2021-03-16 01:07:48.000000',40.77968E0,-73.95529E0,40.776E0,-73.851E0)
COMMIT
DISCONNECT
/*C209*/SET SCHEMA PUBLIC
DELETE FROM RIDE_REQUESTS WHERE AL_ID=19
INSERT INTO RIDE_REQUESTS VALUES(19,4,'2021-03-16 01:07:48.000000',40.77968E0,-73.95529E0,40.776E0,-73.96E0)
COMMIT
DISCONNECT
/*C211*/SET SCHEMA PUBLIC
DISCONNECT
/*C210*/SET SCHEMA PUBLIC
DISCONNECT
/*C213*/SET SCHEMA PUBLIC
DISCONNECT
/*C212*/SET SCHEMA PUBLIC
DISCONNECT
/*C215*/SET SCHEMA PUBLIC
DISCONNECT
/*C214*/SET SCHEMA PUBLIC
DISCONNECT
/*C217*/SET SCHEMA PUBLIC
DISCONNECT
/*C216*/SET SCHEMA PUBLIC
DISCONNECT
/*C219*/SET SCHEMA PUBLIC
DISCONNECT
/*C218*/SET SCHEMA PUBLIC
DISCONNECT
/*C221*/SET SCHEMA PUBLIC
DISCONNECT
/*C220*/SET SCHEMA PUBLIC
DISCONNECT
/*C223*/SET SCHEMA PUBLIC
DISCONNECT
/*C222*/SET SCHEMA PUBLIC
DISCONNECT
/*C225*/SET SCHEMA PUBLIC
DISCONNECT
/*C226*/SET SCHEMA PUBLIC
DISCONNECT
/*C224*/SET SCHEMA PUBLIC
DISCONNECT
/*C228*/SET SCHEMA PUBLIC
DISCONNECT
